---TC002 Get Single Employee
---Checking Response body---
---Checking response Time---
---Checking Status Code---
---TC002 Get Single Employee
---Checking Response body---
---Checking response Time---
---Checking Status Code---
---TC002 Get Single Employee
---Checking Response body---
{"status":"success","data":null,"message":"Successfully! Record has been fetched."}
---Checking response Time---
Response Time: 2477
---Checking Status Code---
Status Code: 200
---TC002 Get Single Employee
---Checking Response body---
{"status":"success","data":{"id":2,"employee_name":"Garrett Winters","employee_salary":170750,"employee_age":63,"profile_image":""},"message":"Successfully! Record has been fetched."}
---Checking response Time---
Response Time: 2638
---Checking Status Code---
Status Code: 200
---TC003 Post Employee Record---
---Checking Content Encoding---
Content Encoding: null
---Checking Status body---
Body: {"message":"Error Occured! Page Not found, contact rstapi2example@gmail.com"}
---Checking Response Time---
Response Time: 9562
---Checking Server Type---
Server Type: nginx/1.21.6
---Checking Status Code---
Status code: 404
---Checking Status Code---
Status Line: HTTP/1.1 404 Not Found
---Finished TC003---
---TC003 Post Employee Record---
---Checking Content Encoding---
Content Encoding: gzip
---Checking Status body---
Body: <!DOCTYPE html>
<html lang="en">
    <head>
        <meta charset="utf-8">
        <meta name="viewport" content="width=device-width, initial-scale=1">

        <title>Too Many Requests</title>

        <!-- Fonts -->
        <link rel="dns-prefetch" href="//fonts.gstatic.com">
        <link href="https://fonts.googleapis.com/css?family=Nunito" rel="stylesheet">

        <!-- Styles -->
        <style>
            html, body {
                background-color: #fff;
                color: #636b6f;
                font-family: 'Nunito', sans-serif;
                font-weight: 100;
                height: 100vh;
                margin: 0;
            }

            .full-height {
                height: 100vh;
            }

            .flex-center {
                align-items: center;
                display: flex;
                justify-content: center;
            }

            .position-ref {
                position: relative;
            }

            .code {
                border-right: 2px solid;
                font-size: 26px;
                padding: 0 15px 0 15px;
                text-align: center;
            }

            .message {
                font-size: 18px;
                text-align: center;
            }
        </style>
    </head>
    <body>
        <div class="flex-center position-ref full-height">
            <div class="code">
                429            </div>

            <div class="message" style="padding: 10px;">
                Too Many Requests            </div>
        </div>
    </body>
</html>

---Checking Response Time---
Response Time: 3315
---Checking Server Type---
Server Type: nginx
---Checking Status Code---
Status code: 429
---Checking Status Code---
Status Line: HTTP/1.1 429 Too Many Requests
---Finished TC003---
---TC003 Post Employee Record---
---Checking Content Encoding---
Content Encoding: null
---Checking Status body---
Body: {"status":"success","data":{"name":"Ikhalakh","salary":"4545","age":"27","id":7416},"message":"Successfully! Record has been added."}
---Checking Response Time---
Response Time: 2657
---Checking Server Type---
Server Type: nginx
---Checking Status Code---
Status code: 200
---Checking Status Code---
Status Line: HTTP/1.1 200 OK
---Finished TC003---
---TC003 Post Employee Record---
---Checking Content Encoding---
Content Encoding: gzip
---Checking Status body---
Body: <!DOCTYPE html>
<html lang="en">
    <head>
        <meta charset="utf-8">
        <meta name="viewport" content="width=device-width, initial-scale=1">

        <title>Too Many Requests</title>

        <!-- Fonts -->
        <link rel="dns-prefetch" href="//fonts.gstatic.com">
        <link href="https://fonts.googleapis.com/css?family=Nunito" rel="stylesheet">

        <!-- Styles -->
        <style>
            html, body {
                background-color: #fff;
                color: #636b6f;
                font-family: 'Nunito', sans-serif;
                font-weight: 100;
                height: 100vh;
                margin: 0;
            }

            .full-height {
                height: 100vh;
            }

            .flex-center {
                align-items: center;
                display: flex;
                justify-content: center;
            }

            .position-ref {
                position: relative;
            }

            .code {
                border-right: 2px solid;
                font-size: 26px;
                padding: 0 15px 0 15px;
                text-align: center;
            }

            .message {
                font-size: 18px;
                text-align: center;
            }
        </style>
    </head>
    <body>
        <div class="flex-center position-ref full-height">
            <div class="code">
                429            </div>

            <div class="message" style="padding: 10px;">
                Too Many Requests            </div>
        </div>
    </body>
</html>

---Checking Response Time---
Response Time: 3801
---Checking Server Type---
Server Type: nginx
---Checking Status Code---
Status code: 429
---Checking Status Code---
Status Line: HTTP/1.1 429 Too Many Requests
---Finished TC003---
---TC003 Post Employee Record---
---Checking Content Encoding---
Content Encoding: null
---Checking Status body---
Body: {"status":"success","data":{"name":"Ikhalakh","salary":"4545","age":"27","id":1501},"message":"Successfully! Record has been added."}
---Checking Response Time---
Response Time: 2641
---Checking Server Type---
Server Type: Apache
---Checking Status Code---
Status code: 200
---Checking Status Code---
Status Line: HTTP/1.1 200 OK
---Finished TC003---
---TC003 Post Employee Record---
---Checking Content Encoding---
Content Encoding: null
---Checking Status body---
Body: {"status":"success","data":{"name":"Ikhalakh","salary":"4545","age":"27","id":3479},"message":"Successfully! Record has been added."}
---Checking Response Time---
Response Time: 2762
---Checking Server Type---
Server Type: nginx
---Checking Status Code---
Status code: 200
---Checking Status Code---
Status Line: HTTP/1.1 200 OK
---Finished TC003---
---TC003 Post Employee Record---
---Checking Content Encoding---
Content Encoding: gzip
---Checking Status body---
Body: <!DOCTYPE html>
<html lang="en">
    <head>
        <meta charset="utf-8">
        <meta name="viewport" content="width=device-width, initial-scale=1">

        <title>Too Many Requests</title>

        <!-- Fonts -->
        <link rel="dns-prefetch" href="//fonts.gstatic.com">
        <link href="https://fonts.googleapis.com/css?family=Nunito" rel="stylesheet">

        <!-- Styles -->
        <style>
            html, body {
                background-color: #fff;
                color: #636b6f;
                font-family: 'Nunito', sans-serif;
                font-weight: 100;
                height: 100vh;
                margin: 0;
            }

            .full-height {
                height: 100vh;
            }

            .flex-center {
                align-items: center;
                display: flex;
                justify-content: center;
            }

            .position-ref {
                position: relative;
            }

            .code {
                border-right: 2px solid;
                font-size: 26px;
                padding: 0 15px 0 15px;
                text-align: center;
            }

            .message {
                font-size: 18px;
                text-align: center;
            }
        </style>
    </head>
    <body>
        <div class="flex-center position-ref full-height">
            <div class="code">
                429            </div>

            <div class="message" style="padding: 10px;">
                Too Many Requests            </div>
        </div>
    </body>
</html>

---Checking Response Time---
Response Time: 6757
---Checking Server Type---
Server Type: nginx
---Checking Status Code---
Status code: 429
---Checking Status Code---
Status Line: HTTP/1.1 429 Too Many Requests
---Finished TC003 ---
---TC003 Post Employee Record---
---Checking Content Encoding---
Content Encoding: null
---Checking Status body---
Body: {"status":"success","data":{"name":"Ikhalakh","salary":"4545","age":"27","id":4069},"message":"Successfully! Record has been added."}
---Checking Response Time---
Response Time: 2584
---Checking Server Type---
Server Type: Apache
---Checking Status Code---
Status code: 200
---Checking Status Code---
Status Line: HTTP/1.1 200 OK
---Finished TC003 ---
---TC004 Post Employee Record---
---TC004 Post Employee Record---
---Checking Content Encoding---
Content Encoding: gzip
---Checking Status body---
Body: <!DOCTYPE html>
<html lang="en">
    <head>
        <meta charset="utf-8">
        <meta name="viewport" content="width=device-width, initial-scale=1">

        <title>Too Many Requests</title>

        <!-- Fonts -->
        <link rel="dns-prefetch" href="//fonts.gstatic.com">
        <link href="https://fonts.googleapis.com/css?family=Nunito" rel="stylesheet">

        <!-- Styles -->
        <style>
            html, body {
                background-color: #fff;
                color: #636b6f;
                font-family: 'Nunito', sans-serif;
                font-weight: 100;
                height: 100vh;
                margin: 0;
            }

            .full-height {
                height: 100vh;
            }

            .flex-center {
                align-items: center;
                display: flex;
                justify-content: center;
            }

            .position-ref {
                position: relative;
            }

            .code {
                border-right: 2px solid;
                font-size: 26px;
                padding: 0 15px 0 15px;
                text-align: center;
            }

            .message {
                font-size: 18px;
                text-align: center;
            }
        </style>
    </head>
    <body>
        <div class="flex-center position-ref full-height">
            <div class="code">
                429            </div>

            <div class="message" style="padding: 10px;">
                Too Many Requests            </div>
        </div>
    </body>
</html>

---Checking Response Time---
Response Time: 3078
---Checking Server Type---
Server Type: nginx
---Checking Status Code---
Status code: 429
---Checking Status Code---
Status Line: HTTP/1.1 429 Too Many Requests
---Finished TC004 ---
---TC004 Post Employee Record---
---Checking Content Encoding---
Content Encoding: null
---Checking Status body---
Body: {"status":"success","data":{"name":"Ismail","salary":"5000","age":"24"},"message":"Successfully! Record has been updated."}
---Checking Response Time---
Response Time: 2670
---Checking Server Type---
Server Type: nginx
---Checking Status Code---
Status code: 200
---Checking Status Code---
Status Line: HTTP/1.1 200 OK
---Finished TC004 ---
---TC004 Update Employee Record---
---Checking Status Code---
Status code: 429
---TC004 Update Employee Record---
---Checking Status Code---
Status code: 200
---TC004 Update Employee Record---
---Checking Status body---
Body: {"status":"success","data":"2","message":"Successfully! Record has been deleted"}
---Checking Status Code---
Status code: 200
---Checking Status Code---
Status Line: HTTP/1.1 200 OK
---TC004 Update Employee Record---
---Checking Status body---
Body: {"status":"success","data":"2","message":"Successfully! Record has been deleted"}
---Checking Status Code---
Status code: 200
---Checking Status Code---
Status Line: HTTP/1.1 200 OK
---TC005 Delete Employee Record---
---Checking Status body---
Body: {"status":"success","data":"2","message":"Successfully! Record has been deleted"}
---Checking Status Code---
Status code: 200
---Checking Status Code---
Status Line: HTTP/1.1 200 OK
----TC001 GET All Employee Data----
---Checking Content Encoding---
Content Encoding: gzip
---Checking Status body---
Body: <!DOCTYPE html>
<html lang="en">
    <head>
        <meta charset="utf-8">
        <meta name="viewport" content="width=device-width, initial-scale=1">

        <title>Too Many Requests</title>

        <!-- Fonts -->
        <link rel="dns-prefetch" href="//fonts.gstatic.com">
        <link href="https://fonts.googleapis.com/css?family=Nunito" rel="stylesheet">

        <!-- Styles -->
        <style>
            html, body {
                background-color: #fff;
                color: #636b6f;
                font-family: 'Nunito', sans-serif;
                font-weight: 100;
                height: 100vh;
                margin: 0;
            }

            .full-height {
                height: 100vh;
            }

            .flex-center {
                align-items: center;
                display: flex;
                justify-content: center;
            }

            .position-ref {
                position: relative;
            }

            .code {
                border-right: 2px solid;
                font-size: 26px;
                padding: 0 15px 0 15px;
                text-align: center;
            }

            .message {
                font-size: 18px;
                text-align: center;
            }
        </style>
    </head>
    <body>
        <div class="flex-center position-ref full-height">
            <div class="code">
                429            </div>

            <div class="message" style="padding: 10px;">
                Too Many Requests            </div>
        </div>
    </body>
</html>

---Checking Response Time---
Response Time: 3016
---Checking Server Type---
Server Type: nginx
---Checking Status Code---
Status code: 429
---Checking Status Code---
Status Line: HTTP/1.1 429 Too Many Requests
---Finished TC001---
---TC005 Delete Employee Record---
---Checking Status body---
Body: <!DOCTYPE html>
<html lang="en">
    <head>
        <meta charset="utf-8">
        <meta name="viewport" content="width=device-width, initial-scale=1">

        <title>Too Many Requests</title>

        <!-- Fonts -->
        <link rel="dns-prefetch" href="//fonts.gstatic.com">
        <link href="https://fonts.googleapis.com/css?family=Nunito" rel="stylesheet">

        <!-- Styles -->
        <style>
            html, body {
                background-color: #fff;
                color: #636b6f;
                font-family: 'Nunito', sans-serif;
                font-weight: 100;
                height: 100vh;
                margin: 0;
            }

            .full-height {
                height: 100vh;
            }

            .flex-center {
                align-items: center;
                display: flex;
                justify-content: center;
            }

            .position-ref {
                position: relative;
            }

            .code {
                border-right: 2px solid;
                font-size: 26px;
                padding: 0 15px 0 15px;
                text-align: center;
            }

            .message {
                font-size: 18px;
                text-align: center;
            }
        </style>
    </head>
    <body>
        <div class="flex-center position-ref full-height">
            <div class="code">
                429            </div>

            <div class="message" style="padding: 10px;">
                Too Many Requests            </div>
        </div>
    </body>
</html>

---Checking Status Code---
Status code: 429
---Checking Status Code---
Status Line: HTTP/1.1 429 Too Many Requests
---TC003 Post Employee Record---
---Checking Content Encoding---
Content Encoding: gzip
---Checking Status body---
Body: <!DOCTYPE html>
<html lang="en">
    <head>
        <meta charset="utf-8">
        <meta name="viewport" content="width=device-width, initial-scale=1">

        <title>Too Many Requests</title>

        <!-- Fonts -->
        <link rel="dns-prefetch" href="//fonts.gstatic.com">
        <link href="https://fonts.googleapis.com/css?family=Nunito" rel="stylesheet">

        <!-- Styles -->
        <style>
            html, body {
                background-color: #fff;
                color: #636b6f;
                font-family: 'Nunito', sans-serif;
                font-weight: 100;
                height: 100vh;
                margin: 0;
            }

            .full-height {
                height: 100vh;
            }

            .flex-center {
                align-items: center;
                display: flex;
                justify-content: center;
            }

            .position-ref {
                position: relative;
            }

            .code {
                border-right: 2px solid;
                font-size: 26px;
                padding: 0 15px 0 15px;
                text-align: center;
            }

            .message {
                font-size: 18px;
                text-align: center;
            }
        </style>
    </head>
    <body>
        <div class="flex-center position-ref full-height">
            <div class="code">
                429            </div>

            <div class="message" style="padding: 10px;">
                Too Many Requests            </div>
        </div>
    </body>
</html>

---Checking Response Time---
Response Time: 1160
---Checking Server Type---
Server Type: nginx
---Checking Status Code---
Status code: 429
---Checking Status Code---
Status Line: HTTP/1.1 429 Too Many Requests
---Finished TC003 ---
---TC004 Update Employee Record---
---Checking Content Encoding---
Content Encoding: gzip
---Checking Status body---
Body: <!DOCTYPE html>
<html lang="en">
    <head>
        <meta charset="utf-8">
        <meta name="viewport" content="width=device-width, initial-scale=1">

        <title>Too Many Requests</title>

        <!-- Fonts -->
        <link rel="dns-prefetch" href="//fonts.gstatic.com">
        <link href="https://fonts.googleapis.com/css?family=Nunito" rel="stylesheet">

        <!-- Styles -->
        <style>
            html, body {
                background-color: #fff;
                color: #636b6f;
                font-family: 'Nunito', sans-serif;
                font-weight: 100;
                height: 100vh;
                margin: 0;
            }

            .full-height {
                height: 100vh;
            }

            .flex-center {
                align-items: center;
                display: flex;
                justify-content: center;
            }

            .position-ref {
                position: relative;
            }

            .code {
                border-right: 2px solid;
                font-size: 26px;
                padding: 0 15px 0 15px;
                text-align: center;
            }

            .message {
                font-size: 18px;
                text-align: center;
            }
        </style>
    </head>
    <body>
        <div class="flex-center position-ref full-height">
            <div class="code">
                429            </div>

            <div class="message" style="padding: 10px;">
                Too Many Requests            </div>
        </div>
    </body>
</html>

---Checking Response Time---
Response Time: 1088
---Checking Server Type---
Server Type: nginx
---Checking Status Code---
Status code: 429
---Checking Status Code---
Status Line: HTTP/1.1 429 Too Many Requests
---Finished TC004 ---
---TC002 Get Single Employee
---Checking Response body---
<!DOCTYPE html>
<html lang="en">
    <head>
        <meta charset="utf-8">
        <meta name="viewport" content="width=device-width, initial-scale=1">

        <title>Too Many Requests</title>

        <!-- Fonts -->
        <link rel="dns-prefetch" href="//fonts.gstatic.com">
        <link href="https://fonts.googleapis.com/css?family=Nunito" rel="stylesheet">

        <!-- Styles -->
        <style>
            html, body {
                background-color: #fff;
                color: #636b6f;
                font-family: 'Nunito', sans-serif;
                font-weight: 100;
                height: 100vh;
                margin: 0;
            }

            .full-height {
                height: 100vh;
            }

            .flex-center {
                align-items: center;
                display: flex;
                justify-content: center;
            }

            .position-ref {
                position: relative;
            }

            .code {
                border-right: 2px solid;
                font-size: 26px;
                padding: 0 15px 0 15px;
                text-align: center;
            }

            .message {
                font-size: 18px;
                text-align: center;
            }
        </style>
    </head>
    <body>
        <div class="flex-center position-ref full-height">
            <div class="code">
                429            </div>

            <div class="message" style="padding: 10px;">
                Too Many Requests            </div>
        </div>
    </body>
</html>

---Checking response Time---
Response Time: 1160
---Checking Status Code---
Status Code: 429
----TC001 GET All Employee Data----
---Checking Content Encoding---
Content Encoding: gzip
---Checking Status body---
Body: {"status":"success","data":[{"id":1,"employee_name":"Tiger Nixon","employee_salary":320800,"employee_age":61,"profile_image":""},{"id":2,"employee_name":"Garrett Winters","employee_salary":170750,"employee_age":63,"profile_image":""},{"id":3,"employee_name":"Ashton Cox","employee_salary":86000,"employee_age":66,"profile_image":""},{"id":4,"employee_name":"Cedric Kelly","employee_salary":433060,"employee_age":22,"profile_image":""},{"id":5,"employee_name":"Airi Satou","employee_salary":162700,"employee_age":33,"profile_image":""},{"id":6,"employee_name":"Brielle Williamson","employee_salary":372000,"employee_age":61,"profile_image":""},{"id":7,"employee_name":"Herrod Chandler","employee_salary":137500,"employee_age":59,"profile_image":""},{"id":8,"employee_name":"Rhona Davidson","employee_salary":327900,"employee_age":55,"profile_image":""},{"id":9,"employee_name":"Colleen Hurst","employee_salary":205500,"employee_age":39,"profile_image":""},{"id":10,"employee_name":"Sonya Frost","employee_salary":103600,"employee_age":23,"profile_image":""},{"id":11,"employee_name":"Jena Gaines","employee_salary":90560,"employee_age":30,"profile_image":""},{"id":12,"employee_name":"Quinn Flynn","employee_salary":342000,"employee_age":22,"profile_image":""},{"id":13,"employee_name":"Charde Marshall","employee_salary":470600,"employee_age":36,"profile_image":""},{"id":14,"employee_name":"Haley Kennedy","employee_salary":313500,"employee_age":43,"profile_image":""},{"id":15,"employee_name":"Tatyana Fitzpatrick","employee_salary":385750,"employee_age":19,"profile_image":""},{"id":16,"employee_name":"Michael Silva","employee_salary":198500,"employee_age":66,"profile_image":""},{"id":17,"employee_name":"Paul Byrd","employee_salary":725000,"employee_age":64,"profile_image":""},{"id":18,"employee_name":"Gloria Little","employee_salary":237500,"employee_age":59,"profile_image":""},{"id":19,"employee_name":"Bradley Greer","employee_salary":132000,"employee_age":41,"profile_image":""},{"id":20,"employee_name":"Dai Rios","employee_salary":217500,"employee_age":35,"profile_image":""},{"id":21,"employee_name":"Jenette Caldwell","employee_salary":345000,"employee_age":30,"profile_image":""},{"id":22,"employee_name":"Yuri Berry","employee_salary":675000,"employee_age":40,"profile_image":""},{"id":23,"employee_name":"Caesar Vance","employee_salary":106450,"employee_age":21,"profile_image":""},{"id":24,"employee_name":"Doris Wilder","employee_salary":85600,"employee_age":23,"profile_image":""}],"message":"Successfully! All records has been fetched."}
---Checking Response Time---
Response Time: 2664
---Checking Server Type---
Server Type: nginx
---Checking Status Code---
Status code: 200
---Checking Status Code---
Status Line: HTTP/1.1 200 OK
---Finished TC001---
---TC005 Delete Employee Record---
---Checking Status body---
Body: {"status":"success","data":"2","message":"Successfully! Record has been deleted"}
---Checking Status Code---
Status code: 200
---Checking Status Code---
Status Line: HTTP/1.1 200 OK
---TC003 Post Employee Record---
---Checking Content Encoding---
Content Encoding: gzip
---Checking Status body---
Body: <!DOCTYPE html>
<html lang="en">
    <head>
        <meta charset="utf-8">
        <meta name="viewport" content="width=device-width, initial-scale=1">

        <title>Too Many Requests</title>

        <!-- Fonts -->
        <link rel="dns-prefetch" href="//fonts.gstatic.com">
        <link href="https://fonts.googleapis.com/css?family=Nunito" rel="stylesheet">

        <!-- Styles -->
        <style>
            html, body {
                background-color: #fff;
                color: #636b6f;
                font-family: 'Nunito', sans-serif;
                font-weight: 100;
                height: 100vh;
                margin: 0;
            }

            .full-height {
                height: 100vh;
            }

            .flex-center {
                align-items: center;
                display: flex;
                justify-content: center;
            }

            .position-ref {
                position: relative;
            }

            .code {
                border-right: 2px solid;
                font-size: 26px;
                padding: 0 15px 0 15px;
                text-align: center;
            }

            .message {
                font-size: 18px;
                text-align: center;
            }
        </style>
    </head>
    <body>
        <div class="flex-center position-ref full-height">
            <div class="code">
                429            </div>

            <div class="message" style="padding: 10px;">
                Too Many Requests            </div>
        </div>
    </body>
</html>

---Checking Response Time---
Response Time: 1152
---Checking Server Type---
Server Type: Apache
---Checking Status Code---
Status code: 429
---Checking Status Code---
Status Line: HTTP/1.1 429 Too Many Requests
---Finished TC003 ---
---TC004 Update Employee Record---
---Checking Content Encoding---
Content Encoding: null
---Checking Status body---
Body: {"status":"success","data":{"name":"Ismail","salary":"5000","age":"24"},"message":"Successfully! Record has been updated."}
---Checking Response Time---
Response Time: 1184
---Checking Server Type---
Server Type: nginx
---Checking Status Code---
Status code: 200
---Checking Status Code---
Status Line: HTTP/1.1 200 OK
---Finished TC004 ---
---TC002 Get Single Employee
---Checking Response body---
<!DOCTYPE html>
<html lang="en">
    <head>
        <meta charset="utf-8">
        <meta name="viewport" content="width=device-width, initial-scale=1">

        <title>Too Many Requests</title>

        <!-- Fonts -->
        <link rel="dns-prefetch" href="//fonts.gstatic.com">
        <link href="https://fonts.googleapis.com/css?family=Nunito" rel="stylesheet">

        <!-- Styles -->
        <style>
            html, body {
                background-color: #fff;
                color: #636b6f;
                font-family: 'Nunito', sans-serif;
                font-weight: 100;
                height: 100vh;
                margin: 0;
            }

            .full-height {
                height: 100vh;
            }

            .flex-center {
                align-items: center;
                display: flex;
                justify-content: center;
            }

            .position-ref {
                position: relative;
            }

            .code {
                border-right: 2px solid;
                font-size: 26px;
                padding: 0 15px 0 15px;
                text-align: center;
            }

            .message {
                font-size: 18px;
                text-align: center;
            }
        </style>
    </head>
    <body>
        <div class="flex-center position-ref full-height">
            <div class="code">
                429            </div>

            <div class="message" style="padding: 10px;">
                Too Many Requests            </div>
        </div>
    </body>
</html>

---Checking response Time---
Response Time: 1088
---Checking Status Code---
Status Code: 429
----TC001 GET All Employee Data----
---Checking Content Encoding---
Content Encoding: gzip
---Checking Status body---
Body: {"status":"success","data":[{"id":1,"employee_name":"Tiger Nixon","employee_salary":320800,"employee_age":61,"profile_image":""},{"id":2,"employee_name":"Garrett Winters","employee_salary":170750,"employee_age":63,"profile_image":""},{"id":3,"employee_name":"Ashton Cox","employee_salary":86000,"employee_age":66,"profile_image":""},{"id":4,"employee_name":"Cedric Kelly","employee_salary":433060,"employee_age":22,"profile_image":""},{"id":5,"employee_name":"Airi Satou","employee_salary":162700,"employee_age":33,"profile_image":""},{"id":6,"employee_name":"Brielle Williamson","employee_salary":372000,"employee_age":61,"profile_image":""},{"id":7,"employee_name":"Herrod Chandler","employee_salary":137500,"employee_age":59,"profile_image":""},{"id":8,"employee_name":"Rhona Davidson","employee_salary":327900,"employee_age":55,"profile_image":""},{"id":9,"employee_name":"Colleen Hurst","employee_salary":205500,"employee_age":39,"profile_image":""},{"id":10,"employee_name":"Sonya Frost","employee_salary":103600,"employee_age":23,"profile_image":""},{"id":11,"employee_name":"Jena Gaines","employee_salary":90560,"employee_age":30,"profile_image":""},{"id":12,"employee_name":"Quinn Flynn","employee_salary":342000,"employee_age":22,"profile_image":""},{"id":13,"employee_name":"Charde Marshall","employee_salary":470600,"employee_age":36,"profile_image":""},{"id":14,"employee_name":"Haley Kennedy","employee_salary":313500,"employee_age":43,"profile_image":""},{"id":15,"employee_name":"Tatyana Fitzpatrick","employee_salary":385750,"employee_age":19,"profile_image":""},{"id":16,"employee_name":"Michael Silva","employee_salary":198500,"employee_age":66,"profile_image":""},{"id":17,"employee_name":"Paul Byrd","employee_salary":725000,"employee_age":64,"profile_image":""},{"id":18,"employee_name":"Gloria Little","employee_salary":237500,"employee_age":59,"profile_image":""},{"id":19,"employee_name":"Bradley Greer","employee_salary":132000,"employee_age":41,"profile_image":""},{"id":20,"employee_name":"Dai Rios","employee_salary":217500,"employee_age":35,"profile_image":""},{"id":21,"employee_name":"Jenette Caldwell","employee_salary":345000,"employee_age":30,"profile_image":""},{"id":22,"employee_name":"Yuri Berry","employee_salary":675000,"employee_age":40,"profile_image":""},{"id":23,"employee_name":"Caesar Vance","employee_salary":106450,"employee_age":21,"profile_image":""},{"id":24,"employee_name":"Doris Wilder","employee_salary":85600,"employee_age":23,"profile_image":""}],"message":"Successfully! All records has been fetched."}
---Checking Response Time---
Response Time: 2624
---Checking Server Type---
Server Type: nginx
---Checking Status Code---
Status code: 200
---Checking Status Code---
Status Line: HTTP/1.1 200 OK
---Finished TC001---
---TC005 Delete Employee Record---
---Checking Status body---
Body: <!DOCTYPE html>
<html lang="en">
    <head>
        <meta charset="utf-8">
        <meta name="viewport" content="width=device-width, initial-scale=1">

        <title>Too Many Requests</title>

        <!-- Fonts -->
        <link rel="dns-prefetch" href="//fonts.gstatic.com">
        <link href="https://fonts.googleapis.com/css?family=Nunito" rel="stylesheet">

        <!-- Styles -->
        <style>
            html, body {
                background-color: #fff;
                color: #636b6f;
                font-family: 'Nunito', sans-serif;
                font-weight: 100;
                height: 100vh;
                margin: 0;
            }

            .full-height {
                height: 100vh;
            }

            .flex-center {
                align-items: center;
                display: flex;
                justify-content: center;
            }

            .position-ref {
                position: relative;
            }

            .code {
                border-right: 2px solid;
                font-size: 26px;
                padding: 0 15px 0 15px;
                text-align: center;
            }

            .message {
                font-size: 18px;
                text-align: center;
            }
        </style>
    </head>
    <body>
        <div class="flex-center position-ref full-height">
            <div class="code">
                429            </div>

            <div class="message" style="padding: 10px;">
                Too Many Requests            </div>
        </div>
    </body>
</html>

---Checking Status Code---
Status code: 429
---Checking Status Code---
Status Line: HTTP/1.1 429 Too Many Requests
---TC003 Post Employee Record---
---Checking Content Encoding---
Content Encoding: null
---Checking Status body---
Body: {"status":"success","data":{"name":"Ikhalakh","salary":"4545","age":"27","id":9897},"message":"Successfully! Record has been added."}
---Checking Response Time---
Response Time: 1112
---Checking Server Type---
Server Type: Apache
---Checking Status Code---
Status code: 200
---Checking Status Code---
Status Line: HTTP/1.1 200 OK
---Finished TC003 ---
---TC004 Update Employee Record---
---Checking Content Encoding---
Content Encoding: null
---Checking Status body---
Body: {"status":"success","data":{"name":"Ismail","salary":"5000","age":"24"},"message":"Successfully! Record has been updated."}
---Checking Response Time---
Response Time: 1048
---Checking Server Type---
Server Type: nginx
---Checking Status Code---
Status code: 200
---Checking Status Code---
Status Line: HTTP/1.1 200 OK
---Finished TC004 ---
---TC002 Get Single Employee
---Checking Response body---
{"status":"success","data":{"id":2,"employee_name":"Garrett Winters","employee_salary":170750,"employee_age":63,"profile_image":""},"message":"Successfully! Record has been fetched."}
---Checking response Time---
Response Time: 1112
---Checking Status Code---
Status Code: 200
